  Arqueiro.cpp
C:\Users\epont\source\repos\JogoPlataforma_Tec_Prog\JogoPlataforma\JogoPlataforma\ListaEntidades.h(23,11): error C2653: 'Entidades': não é um nome de classe ou de namespace
C:\Users\epont\source\repos\JogoPlataforma_Tec_Prog\JogoPlataforma\JogoPlataforma\ListaEntidades.h(23,22): error C2065: 'Entidade': identificador não declarado
C:\Users\epont\source\repos\JogoPlataforma_Tec_Prog\JogoPlataforma\JogoPlataforma\ListaEntidades.h(23,31): error C2059: erro de sintaxe: '>'
C:\Users\epont\source\repos\JogoPlataforma_Tec_Prog\JogoPlataforma\JogoPlataforma\ListaEntidades.h(29,18): error C2653: 'Entidades': não é um nome de classe ou de namespace
C:\Users\epont\source\repos\JogoPlataforma_Tec_Prog\JogoPlataforma\JogoPlataforma\ListaEntidades.h(29,29): error C2061: erro de sintaxe: identificador 'Entidade'
C:\Users\epont\source\repos\JogoPlataforma_Tec_Prog\JogoPlataforma\JogoPlataforma\Arqueiro.cpp(29,118): error C2039: ' getx': não é um membro de 'Jogo::Entidades::Jogador'
C:\Users\epont\source\repos\JogoPlataforma_Tec_Prog\JogoPlataforma\JogoPlataforma\Jogador.h(12): message : consulte a declaração de 'Jogo::Entidades::Jogador'
C:\Users\epont\source\repos\JogoPlataforma_Tec_Prog\JogoPlataforma\JogoPlataforma\Arqueiro.cpp(36,49): error C2039: ' getx': não é um membro de 'Jogo::Entidades::Jogador'
C:\Users\epont\source\repos\JogoPlataforma_Tec_Prog\JogoPlataforma\JogoPlataforma\Jogador.h(12): message : consulte a declaração de 'Jogo::Entidades::Jogador'
C:\Users\epont\source\repos\JogoPlataforma_Tec_Prog\JogoPlataforma\JogoPlataforma\Arqueiro.cpp(36,106): error C2039: ' gety': não é um membro de 'Jogo::Entidades::Jogador'
C:\Users\epont\source\repos\JogoPlataforma_Tec_Prog\JogoPlataforma\JogoPlataforma\Jogador.h(12): message : consulte a declaração de 'Jogo::Entidades::Jogador'
C:\Users\epont\source\repos\JogoPlataforma_Tec_Prog\JogoPlataforma\JogoPlataforma\Arqueiro.cpp(65,13): error C2660: 'Jogo::Entidades::Entidade::setPos': função não recebe 0 argumentos
C:\Users\epont\source\repos\JogoPlataforma_Tec_Prog\JogoPlataforma\JogoPlataforma\Entidade.h(29,9): message : consulte a declaração de 'Jogo::Entidades::Entidade::setPos'
  Entidade.cpp
C:\Users\epont\source\repos\JogoPlataforma_Tec_Prog\JogoPlataforma\JogoPlataforma\ListaEntidades.h(23,11): error C2653: 'Entidades': não é um nome de classe ou de namespace
C:\Users\epont\source\repos\JogoPlataforma_Tec_Prog\JogoPlataforma\JogoPlataforma\ListaEntidades.h(23,22): error C2065: 'Entidade': identificador não declarado
C:\Users\epont\source\repos\JogoPlataforma_Tec_Prog\JogoPlataforma\JogoPlataforma\ListaEntidades.h(23,31): error C2059: erro de sintaxe: '>'
C:\Users\epont\source\repos\JogoPlataforma_Tec_Prog\JogoPlataforma\JogoPlataforma\ListaEntidades.h(29,18): error C2653: 'Entidades': não é um nome de classe ou de namespace
C:\Users\epont\source\repos\JogoPlataforma_Tec_Prog\JogoPlataforma\JogoPlataforma\ListaEntidades.h(29,29): error C2061: erro de sintaxe: identificador 'Entidade'
  Fase.cpp
C:\Users\epont\source\repos\JogoPlataforma_Tec_Prog\JogoPlataforma\JogoPlataforma\Fase1.h(4,25): error C2504: 'Fase': classe base indefinida
C:\Users\epont\source\repos\JogoPlataforma_Tec_Prog\JogoPlataforma\JogoPlataforma\Fase2.h(3,25): error C2504: 'Fase': classe base indefinida
  Inimigo.cpp
C:\Users\epont\source\repos\JogoPlataforma_Tec_Prog\JogoPlataforma\JogoPlataforma\ListaEntidades.h(23,11): error C2653: 'Entidades': não é um nome de classe ou de namespace
C:\Users\epont\source\repos\JogoPlataforma_Tec_Prog\JogoPlataforma\JogoPlataforma\ListaEntidades.h(23,22): error C2065: 'Entidade': identificador não declarado
C:\Users\epont\source\repos\JogoPlataforma_Tec_Prog\JogoPlataforma\JogoPlataforma\ListaEntidades.h(23,31): error C2059: erro de sintaxe: '>'
C:\Users\epont\source\repos\JogoPlataforma_Tec_Prog\JogoPlataforma\JogoPlataforma\ListaEntidades.h(29,18): error C2653: 'Entidades': não é um nome de classe ou de namespace
C:\Users\epont\source\repos\JogoPlataforma_Tec_Prog\JogoPlataforma\JogoPlataforma\ListaEntidades.h(29,29): error C2061: erro de sintaxe: identificador 'Entidade'
C:\Users\epont\source\repos\JogoPlataforma_Tec_Prog\JogoPlataforma\JogoPlataforma\Inimigo.cpp(19,57): warning C4244: 'argumento': conversão de 'int' para 'float', possível perda de dados
C:\Users\epont\source\repos\JogoPlataforma_Tec_Prog\JogoPlataforma\JogoPlataforma\Inimigo.cpp(19,37): warning C4244: 'argumento': conversão de 'int' para 'float', possível perda de dados
C:\Users\epont\source\repos\JogoPlataforma_Tec_Prog\JogoPlataforma\JogoPlataforma\Inimigo.cpp(33,45): warning C4244: 'argumento': conversão de 'int' para 'float', possível perda de dados
C:\Users\epont\source\repos\JogoPlataforma_Tec_Prog\JogoPlataforma\JogoPlataforma\Inimigo.cpp(33,25): warning C4244: 'argumento': conversão de 'int' para 'float', possível perda de dados
  Inimigo_comum.cpp
C:\Users\epont\source\repos\JogoPlataforma_Tec_Prog\JogoPlataforma\JogoPlataforma\ListaEntidades.h(23,11): error C2653: 'Entidades': não é um nome de classe ou de namespace
C:\Users\epont\source\repos\JogoPlataforma_Tec_Prog\JogoPlataforma\JogoPlataforma\ListaEntidades.h(23,22): error C2065: 'Entidade': identificador não declarado
C:\Users\epont\source\repos\JogoPlataforma_Tec_Prog\JogoPlataforma\JogoPlataforma\ListaEntidades.h(23,31): error C2059: erro de sintaxe: '>'
C:\Users\epont\source\repos\JogoPlataforma_Tec_Prog\JogoPlataforma\JogoPlataforma\ListaEntidades.h(29,18): error C2653: 'Entidades': não é um nome de classe ou de namespace
C:\Users\epont\source\repos\JogoPlataforma_Tec_Prog\JogoPlataforma\JogoPlataforma\ListaEntidades.h(29,29): error C2061: erro de sintaxe: identificador 'Entidade'
C:\Users\epont\source\repos\JogoPlataforma_Tec_Prog\JogoPlataforma\JogoPlataforma\Inimigo_comum.cpp(30,47): error C2039: ' getx': não é um membro de 'Jogo::Entidades::Jogador'
C:\Users\epont\source\repos\JogoPlataforma_Tec_Prog\JogoPlataforma\JogoPlataforma\Jogador.h(12): message : consulte a declaração de 'Jogo::Entidades::Jogador'
C:\Users\epont\source\repos\JogoPlataforma_Tec_Prog\JogoPlataforma\JogoPlataforma\Inimigo_comum.cpp(30,101): error C2039: ' getx': não é um membro de 'Jogo::Entidades::Jogador'
C:\Users\epont\source\repos\JogoPlataforma_Tec_Prog\JogoPlataforma\JogoPlataforma\Jogador.h(12): message : consulte a declaração de 'Jogo::Entidades::Jogador'
C:\Users\epont\source\repos\JogoPlataforma_Tec_Prog\JogoPlataforma\JogoPlataforma\Inimigo_comum.cpp(35,52): error C2039: ' getx': não é um membro de 'Jogo::Entidades::Jogador'
C:\Users\epont\source\repos\JogoPlataforma_Tec_Prog\JogoPlataforma\JogoPlataforma\Jogador.h(12): message : consulte a declaração de 'Jogo::Entidades::Jogador'
C:\Users\epont\source\repos\JogoPlataforma_Tec_Prog\JogoPlataforma\JogoPlataforma\Inimigo_comum.cpp(35,107): error C2039: ' getx': não é um membro de 'Jogo::Entidades::Jogador'
C:\Users\epont\source\repos\JogoPlataforma_Tec_Prog\JogoPlataforma\JogoPlataforma\Jogador.h(12): message : consulte a declaração de 'Jogo::Entidades::Jogador'
C:\Users\epont\source\repos\JogoPlataforma_Tec_Prog\JogoPlataforma\JogoPlataforma\Inimigo_comum.cpp(69,6): error C3861: 'setx': identificador não encontrado
C:\Users\epont\source\repos\JogoPlataforma_Tec_Prog\JogoPlataforma\JogoPlataforma\Inimigo_comum.cpp(70,6): error C3861: 'sety': identificador não encontrado
C:\Users\epont\source\repos\JogoPlataforma_Tec_Prog\JogoPlataforma\JogoPlataforma\Inimigo_comum.cpp(87,48): error C2039: ' getx': não é um membro de 'Jogo::Entidades::Jogador'
C:\Users\epont\source\repos\JogoPlataforma_Tec_Prog\JogoPlataforma\JogoPlataforma\Jogador.h(12): message : consulte a declaração de 'Jogo::Entidades::Jogador'
C:\Users\epont\source\repos\JogoPlataforma_Tec_Prog\JogoPlataforma\JogoPlataforma\Inimigo_comum.cpp(87,104): error C2039: ' gety': não é um membro de 'Jogo::Entidades::Jogador'
C:\Users\epont\source\repos\JogoPlataforma_Tec_Prog\JogoPlataforma\JogoPlataforma\Jogador.h(12): message : consulte a declaração de 'Jogo::Entidades::Jogador'
  Jogador.cpp
C:\Users\epont\source\repos\JogoPlataforma_Tec_Prog\JogoPlataforma\JogoPlataforma\ListaEntidades.h(23,11): error C2653: 'Entidades': não é um nome de classe ou de namespace
C:\Users\epont\source\repos\JogoPlataforma_Tec_Prog\JogoPlataforma\JogoPlataforma\ListaEntidades.h(23,22): error C2065: 'Entidade': identificador não declarado
C:\Users\epont\source\repos\JogoPlataforma_Tec_Prog\JogoPlataforma\JogoPlataforma\ListaEntidades.h(23,31): error C2059: erro de sintaxe: '>'
C:\Users\epont\source\repos\JogoPlataforma_Tec_Prog\JogoPlataforma\JogoPlataforma\ListaEntidades.h(29,18): error C2653: 'Entidades': não é um nome de classe ou de namespace
C:\Users\epont\source\repos\JogoPlataforma_Tec_Prog\JogoPlataforma\JogoPlataforma\ListaEntidades.h(29,29): error C2061: erro de sintaxe: identificador 'Entidade'
  Jogo.cpp
C:\Users\epont\source\repos\JogoPlataforma_Tec_Prog\JogoPlataforma\JogoPlataforma\ListaEntidades.h(23,11): error C2653: 'Entidades': não é um nome de classe ou de namespace
C:\Users\epont\source\repos\JogoPlataforma_Tec_Prog\JogoPlataforma\JogoPlataforma\ListaEntidades.h(23,22): error C2065: 'Entidade': identificador não declarado
C:\Users\epont\source\repos\JogoPlataforma_Tec_Prog\JogoPlataforma\JogoPlataforma\ListaEntidades.h(23,31): error C2059: erro de sintaxe: '>'
C:\Users\epont\source\repos\JogoPlataforma_Tec_Prog\JogoPlataforma\JogoPlataforma\ListaEntidades.h(29,18): error C2653: 'Entidades': não é um nome de classe ou de namespace
C:\Users\epont\source\repos\JogoPlataforma_Tec_Prog\JogoPlataforma\JogoPlataforma\ListaEntidades.h(29,29): error C2061: erro de sintaxe: identificador 'Entidade'
C:\Users\epont\source\repos\JogoPlataforma_Tec_Prog\JogoPlataforma\JogoPlataforma\Fase1.h(4,25): error C2504: 'Fase': classe base indefinida
C:\Users\epont\source\repos\JogoPlataforma_Tec_Prog\JogoPlataforma\JogoPlataforma\Jogo.h(27,22): error C2039: ' Jogador': não é um membro de 'Jogo::Lista::Entidades'
C:\Users\epont\source\repos\JogoPlataforma_Tec_Prog\JogoPlataforma\JogoPlataforma\Jogo.h(18): message : consulte a declaração de 'Jogo::Lista::Entidades'
C:\Users\epont\source\repos\JogoPlataforma_Tec_Prog\JogoPlataforma\JogoPlataforma\Jogo.h(27,29): error C2065: 'Jogador': identificador não declarado
C:\Users\epont\source\repos\JogoPlataforma_Tec_Prog\JogoPlataforma\JogoPlataforma\Jogo.h(27,30): error C2059: erro de sintaxe: '>'
C:\Users\epont\source\repos\JogoPlataforma_Tec_Prog\JogoPlataforma\JogoPlataforma\Jogo.h(28,22): error C2039: ' Inimigo': não é um membro de 'Jogo::Lista::Entidades'
C:\Users\epont\source\repos\JogoPlataforma_Tec_Prog\JogoPlataforma\JogoPlataforma\Jogo.h(18): message : consulte a declaração de 'Jogo::Lista::Entidades'
C:\Users\epont\source\repos\JogoPlataforma_Tec_Prog\JogoPlataforma\JogoPlataforma\Jogo.h(28,29): error C2065: 'Inimigo': identificador não declarado
C:\Users\epont\source\repos\JogoPlataforma_Tec_Prog\JogoPlataforma\JogoPlataforma\Jogo.h(28,30): error C2059: erro de sintaxe: '>'
C:\Users\epont\source\repos\JogoPlataforma_Tec_Prog\JogoPlataforma\JogoPlataforma\Jogo.cpp(18,32): error C2061: erro de sintaxe: identificador 'Jogador'
C:\Users\epont\source\repos\JogoPlataforma_Tec_Prog\JogoPlataforma\JogoPlataforma\Jogo.cpp(19,32): error C2061: erro de sintaxe: identificador 'Jogador'
C:\Users\epont\source\repos\JogoPlataforma_Tec_Prog\JogoPlataforma\JogoPlataforma\Jogo.cpp(22,32): error C2061: erro de sintaxe: identificador 'Inimigo_comum'
C:\Users\epont\source\repos\JogoPlataforma_Tec_Prog\JogoPlataforma\JogoPlataforma\Jogo.cpp(23,32): error C2061: erro de sintaxe: identificador 'Inimigo_comum'
C:\Users\epont\source\repos\JogoPlataforma_Tec_Prog\JogoPlataforma\JogoPlataforma\Jogo.cpp(24,32): error C2061: erro de sintaxe: identificador 'Inimigo_comum'
C:\Users\epont\source\repos\JogoPlataforma_Tec_Prog\JogoPlataforma\JogoPlataforma\Jogo.cpp(25,32): error C2061: erro de sintaxe: identificador 'Arqueiro'
C:\Users\epont\source\repos\JogoPlataforma_Tec_Prog\JogoPlataforma\JogoPlataforma\Jogo.cpp(73,5): error C2065: 'jogador': identificador não declarado
C:\Users\epont\source\repos\JogoPlataforma_Tec_Prog\JogoPlataforma\JogoPlataforma\Jogo.cpp(74,5): error C2065: 'inimigo': identificador não declarado
C:\Users\epont\source\repos\JogoPlataforma_Tec_Prog\JogoPlataforma\JogoPlataforma\Jogo.cpp(75,5): error C2065: 'inim': identificador não declarado
C:\Users\epont\source\repos\JogoPlataforma_Tec_Prog\JogoPlataforma\JogoPlataforma\Jogo.cpp(76,5): error C2065: 'inim2': identificador não declarado
C:\Users\epont\source\repos\JogoPlataforma_Tec_Prog\JogoPlataforma\JogoPlataforma\Jogo.cpp(77,5): error C2065: 'arqueiro': identificador não declarado
C:\Users\epont\source\repos\JogoPlataforma_Tec_Prog\JogoPlataforma\JogoPlataforma\Jogo.cpp(82,5): error C2065: 'jogador': identificador não declarado
C:\Users\epont\source\repos\JogoPlataforma_Tec_Prog\JogoPlataforma\JogoPlataforma\Jogo.cpp(83,5): error C2065: 'inimigo': identificador não declarado
C:\Users\epont\source\repos\JogoPlataforma_Tec_Prog\JogoPlataforma\JogoPlataforma\Jogo.cpp(84,5): error C2065: 'inim': identificador não declarado
C:\Users\epont\source\repos\JogoPlataforma_Tec_Prog\JogoPlataforma\JogoPlataforma\Jogo.cpp(85,5): error C2065: 'inim2': identificador não declarado
C:\Users\epont\source\repos\JogoPlataforma_Tec_Prog\JogoPlataforma\JogoPlataforma\Jogo.cpp(86,5): error C2065: 'arqueiro': identificador não declarado
C:\Users\epont\source\repos\JogoPlataforma_Tec_Prog\JogoPlataforma\JogoPlataforma\Jogo.cpp(91,5): error C2065: 'inimigo': identificador não declarado
C:\Users\epont\source\repos\JogoPlataforma_Tec_Prog\JogoPlataforma\JogoPlataforma\Jogo.cpp(91,25): error C2065: 'jogador': identificador não declarado
C:\Users\epont\source\repos\JogoPlataforma_Tec_Prog\JogoPlataforma\JogoPlataforma\Jogo.cpp(92,5): error C2065: 'inim': identificador não declarado
C:\Users\epont\source\repos\JogoPlataforma_Tec_Prog\JogoPlataforma\JogoPlataforma\Jogo.cpp(92,22): error C2065: 'jogador': identificador não declarado
C:\Users\epont\source\repos\JogoPlataforma_Tec_Prog\JogoPlataforma\JogoPlataforma\Jogo.cpp(93,5): error C2065: 'inim2': identificador não declarado
C:\Users\epont\source\repos\JogoPlataforma_Tec_Prog\JogoPlataforma\JogoPlataforma\Jogo.cpp(93,23): error C2065: 'jogador': identificador não declarado
C:\Users\epont\source\repos\JogoPlataforma_Tec_Prog\JogoPlataforma\JogoPlataforma\Jogo.cpp(94,5): error C2065: 'arqueiro': identificador não declarado
C:\Users\epont\source\repos\JogoPlataforma_Tec_Prog\JogoPlataforma\JogoPlataforma\Jogo.cpp(94,26): error C2065: 'jogador': identificador não declarado
C:\Users\epont\source\repos\JogoPlataforma_Tec_Prog\JogoPlataforma\JogoPlataforma\Jogo.cpp(115,8): error C2065: 'jogador': identificador não declarado
C:\Users\epont\source\repos\JogoPlataforma_Tec_Prog\JogoPlataforma\JogoPlataforma\Jogo.cpp(125,5): error C2065: 'jogador': identificador não declarado
C:\Users\epont\source\repos\JogoPlataforma_Tec_Prog\JogoPlataforma\JogoPlataforma\Jogo.cpp(126,5): error C2065: 'inimigo': identificador não declarado
C:\Users\epont\source\repos\JogoPlataforma_Tec_Prog\JogoPlataforma\JogoPlataforma\Jogo.cpp(127,5): error C2065: 'arqueiro': identificador não declarado
C:\Users\epont\source\repos\JogoPlataforma_Tec_Prog\JogoPlataforma\JogoPlataforma\Jogo.cpp(128,5): error C2065: 'inim': identificador não declarado
C:\Users\epont\source\repos\JogoPlataforma_Tec_Prog\JogoPlataforma\JogoPlataforma\Jogo.cpp(129,5): error C2065: 'inim2': identificador não declarado
C:\Users\epont\source\repos\JogoPlataforma_Tec_Prog\JogoPlataforma\JogoPlataforma\Jogo.cpp(133,5): error C2065: 'jogador': identificador não declarado
C:\Users\epont\source\repos\JogoPlataforma_Tec_Prog\JogoPlataforma\JogoPlataforma\Jogo.cpp(134,5): error C2065: 'inim': identificador não declarado
C:\Users\epont\source\repos\JogoPlataforma_Tec_Prog\JogoPlataforma\JogoPlataforma\Jogo.cpp(135,5): error C2065: 'arqueiro': identificador não declarado
C:\Users\epont\source\repos\JogoPlataforma_Tec_Prog\JogoPlataforma\JogoPlataforma\Jogo.cpp(136,5): error C2065: 'inim2': identificador não declarado
C:\Users\epont\source\repos\JogoPlataforma_Tec_Prog\JogoPlataforma\JogoPlataforma\Jogo.cpp(137,5): error C2065: 'inimigo': identificador não declarado
  ListaEntidades.cpp
C:\Users\epont\source\repos\JogoPlataforma_Tec_Prog\JogoPlataforma\JogoPlataforma\ListaEntidades.cpp(18,38): error C2084: função 'Jogo::Lista::ListaEntidades::~ListaEntidades(void)' já possui um corpo
C:\Users\epont\source\repos\JogoPlataforma_Tec_Prog\JogoPlataforma\JogoPlataforma\ListaEntidades.cpp(14): message : consulte a definição anterior de '{dtor}'
  main.cpp
C:\Users\epont\source\repos\JogoPlataforma_Tec_Prog\JogoPlataforma\JogoPlataforma\ListaEntidades.h(23,11): error C2653: 'Entidades': não é um nome de classe ou de namespace
C:\Users\epont\source\repos\JogoPlataforma_Tec_Prog\JogoPlataforma\JogoPlataforma\ListaEntidades.h(23,22): error C2065: 'Entidade': identificador não declarado
C:\Users\epont\source\repos\JogoPlataforma_Tec_Prog\JogoPlataforma\JogoPlataforma\ListaEntidades.h(23,31): error C2059: erro de sintaxe: '>'
C:\Users\epont\source\repos\JogoPlataforma_Tec_Prog\JogoPlataforma\JogoPlataforma\ListaEntidades.h(29,18): error C2653: 'Entidades': não é um nome de classe ou de namespace
C:\Users\epont\source\repos\JogoPlataforma_Tec_Prog\JogoPlataforma\JogoPlataforma\ListaEntidades.h(29,29): error C2061: erro de sintaxe: identificador 'Entidade'
C:\Users\epont\source\repos\JogoPlataforma_Tec_Prog\JogoPlataforma\JogoPlataforma\Fase1.h(4,25): error C2504: 'Fase': classe base indefinida
C:\Users\epont\source\repos\JogoPlataforma_Tec_Prog\JogoPlataforma\JogoPlataforma\Jogo.h(27,22): error C2039: ' Jogador': não é um membro de 'Jogo::Lista::Entidades'
C:\Users\epont\source\repos\JogoPlataforma_Tec_Prog\JogoPlataforma\JogoPlataforma\Jogo.h(18): message : consulte a declaração de 'Jogo::Lista::Entidades'
C:\Users\epont\source\repos\JogoPlataforma_Tec_Prog\JogoPlataforma\JogoPlataforma\Jogo.h(27,29): error C2065: 'Jogador': identificador não declarado
C:\Users\epont\source\repos\JogoPlataforma_Tec_Prog\JogoPlataforma\JogoPlataforma\Jogo.h(27,30): error C2059: erro de sintaxe: '>'
C:\Users\epont\source\repos\JogoPlataforma_Tec_Prog\JogoPlataforma\JogoPlataforma\Jogo.h(28,22): error C2039: ' Inimigo': não é um membro de 'Jogo::Lista::Entidades'
C:\Users\epont\source\repos\JogoPlataforma_Tec_Prog\JogoPlataforma\JogoPlataforma\Jogo.h(18): message : consulte a declaração de 'Jogo::Lista::Entidades'
C:\Users\epont\source\repos\JogoPlataforma_Tec_Prog\JogoPlataforma\JogoPlataforma\Jogo.h(28,29): error C2065: 'Inimigo': identificador não declarado
C:\Users\epont\source\repos\JogoPlataforma_Tec_Prog\JogoPlataforma\JogoPlataforma\Jogo.h(28,30): error C2059: erro de sintaxe: '>'
C:\Users\epont\source\repos\JogoPlataforma_Tec_Prog\JogoPlataforma\JogoPlataforma\main.cpp(9,19): warning C4244: 'argumento': conversão de 'time_t' para 'unsigned int', possível perda de dados
C:\Users\epont\source\repos\JogoPlataforma_Tec_Prog\JogoPlataforma\JogoPlataforma\main.cpp(10,18): error C2882: 'Jogo': uso inválido de identificador de namespace em expressão
C:\Users\epont\source\repos\JogoPlataforma_Tec_Prog\JogoPlataforma\JogoPlataforma\main.cpp(10,14): error C2146: erro de sintaxe: ';' ausente antes do identificador 'jogo'
C:\Users\epont\source\repos\JogoPlataforma_Tec_Prog\JogoPlataforma\JogoPlataforma\main.cpp(10,14): error C2065: 'jogo': identificador não declarado
  Gerando Código...
